<?xml version="1.0" encoding="UTF-8"?>
<process-archives>
  <process-archive>
    <configuration>
        <!-- use delete="false" in production ;-) -->
      <undeployment delete="true" />
    </configuration>
  </process-archive>     
</process-archives>